<?xml version="1.0" encoding="UTF-8"?>
<!-- Generated by org.testng.reporters.JUnitXMLReporter -->
<testsuite hostname="ShishuRajPandey" name="Test" tests="2" failures="0" timestamp="10 Sep 2017 18:50:24 GMT" time="120.509" errors="0">
  <testcase name="loginWithInvalidCredentials" time="13.641" classname="com.automation.uiautomation.HomePage.TC001_VerifyLoginWithInvalidCredentials"/>
  <testcase name="verifyRegistrationFunctionality" time="13.721" classname="com.automation.uiautomation.HomePage.TC002_VerifyRegistrationFunctionality"/>
</testsuite> <!-- Test -->
